build/app/outputs/mapping/release/seeds.txt
com.example.kisah_nabi.MainActivity
com.example.kisah_nabi.MainActivity: MainActivity()
...
io.flutter.view.AccessibilityBridge$StringAttributeType: io.flutter.view.AccessibilityBridge$StringAttributeType valueOf(java.lang.String)
androidx.window.embedding.EmbeddingTranslatingCallback: void accept(java.util.List)
androidx.window.embedding.EmbeddingTranslatingCallback: void accept(java.lang.Object)
io.flutter.plugins.webviewflutter.WebViewHostApiImpl$InputAwareWebViewPlatformView: void setWebViewClient(android.webkit.WebViewClient)
androidx.window.layout.ExtensionsWindowLayoutInfoAdapter: boolean validBounds(android.app.Activity,androidx.window.core.Bounds)
androidx.window.embedding.ActivityFilter: android.content.ComponentName getComponentName()
androidx.window.layout.WindowInfoTracker$-CC: void overrideDecorator(androidx.window.layout.WindowInfoTrackerDecorator)
androidx.window.embedding.SplitController$Companion: SplitController$Companion()
androidx.window.embedding.ActivityRule: boolean equals(java.lang.Object)
org.chromium.support_lib_boundary.WebViewRendererClientBoundaryInterface: void onRendererUnresponsive(android.webkit.WebView,java.lang.reflect.InvocationHandler)
androidx.window.layout.WindowInfoTracker: kotlinx.coroutines.flow.Flow windowLayoutInfo(android.app.Activity)
io.flutter.embedding.engine.FlutterJNI: void setRefreshRateFPS(float)
androidx.window.layout.SidecarWindowBackend$ExtensionListenerImpl: SidecarWindowBackend$ExtensionListenerImpl(androidx.window.layout.SidecarWindowBackend)
io.flutter.embedding.engine.systemchannels.PlatformChannel$HapticFeedbackType: io.flutter.embedding.engine.systemchannels.PlatformChannel$HapticFeedbackType valueOf(java.lang.String)
androidx.core.view.WindowInsetsCompat$BuilderImpl20: void setSystemWindowInsets(androidx.core.graphics.Insets)
androidx.versionedparcelable.CustomVersionedParcelable: CustomVersionedParcelable()
androidx.window.layout.WindowMetrics: WindowMetrics(androidx.window.core.Bounds)
androidx.window.layout.WindowInfoTracker$-CC: androidx.window.layout.WindowInfoTracker getOrCreate(android.content.Context)
androidx.window.layout.SidecarAdapter: boolean isEqualSidecarDeviceState(androidx.window.sidecar.SidecarDeviceState,androidx.window.sidecar.SidecarDeviceState)
androidx.window.layout.SidecarWindowBackend: SidecarWindowBackend(androidx.window.layout.ExtensionInterfaceCompat)
io.flutter.embedding.engine.FlutterJNI: void nativeInit(android.content.Context,java.lang.String[],java.lang.String,java.lang.String,java.lang.String,long)
io.flutter.embedding.engine.FlutterJNI: boolean isCodePointEmojiModifierBase(int)
androidx.window.embedding.SplitPairRule: java.util.Set getFilters()
io.flutter.embedding.engine.FlutterJNI: void nativeUpdateRefreshRate(float)
org.chromium.support_lib_boundary.WebViewProviderFactoryBoundaryInterface: java.lang.reflect.InvocationHandler getStatics()
io.flutter.embedding.android.FlutterImageView$SurfaceKind: io.flutter.embedding.android.FlutterImageView$SurfaceKind[] values()
androidx.window.java.layout.WindowInfoTrackerCallbackAdapter$addListener$1$1: java.lang.Object invokeSuspend(java.lang.Object)
io.flutter.embedding.android.FlutterView: void setWindowInfoListenerDisplayFeatures(androidx.window.layout.WindowLayoutInfo)
io.flutter.embedding.android.FlutterSplashView$SavedState: android.os.Bundle access$700(io.flutter.embedding.android.FlutterSplashView$SavedState)
kotlin.coroutines.intrinsics.CoroutineSingletons: kotlin.coroutines.intrinsics.CoroutineSingletons[] values()
androidx.window.java.layout.WindowInfoTrackerCallbackAdapter$addListener$1$1$invokeSuspend$$inlined$collect$1: WindowInfoTrackerCallbackAdapter$addListener$1$1$invokeSuspend$$inlined$collect$1(androidx.core.util.Consumer)
io.flutter.view.AccessibilityViewEmbedder: void setFlutterNodesTranslateBounds(android.view.accessibility.AccessibilityNodeInfo,android.graphics.Rect,android.view.accessibility.AccessibilityNodeInfo)