build/app/outputs/mapping/release/mapping.txt
# compiler: R8
# compiler_version: 3.3.70
# min_api: 19
# common_typos_disable
# {"id":"com.android.tools.r8.mapping","version":"2.0"}
# pg_map_id: 6cb8ca7
# pg_map_hash: SHA-256 6cb8ca7278506d47703f2ea797079d6b7db70526705e29de370d0c42cfc7d937
...
io.flutter.embedding.engine.dart.DartMessenger$ConcurrentTaskQueue -> p.c$c:
    java.util.concurrent.ExecutorService executor -> a
    void dispatch(java.lang.Runnable) -> a
io.flutter.embedding.engine.dart.DartMessenger$DartMessengerTaskQueue -> p.c$d:
    void dispatch(java.lang.Runnable) -> a
io.flutter.embedding.engine.dart.DartMessenger$DefaultTaskQueueFactory -> p.c$e:
    java.util.concurrent.ExecutorService executorService -> a
    io.flutter.embedding.engine.dart.DartMessenger$DartMessengerTaskQueue makeBackgroundTaskQueue(io.flutter.plugin.common.BinaryMessenger$TaskQueueOptions) -> a
io.flutter.embedding.engine.dart.DartMessenger$HandlerInfo -> p.c$f:
    io.flutter.plugin.common.BinaryMessenger$BinaryMessageHandler handler -> a
    io.flutter.embedding.engine.dart.DartMessenger$DartMessengerTaskQueue taskQueue -> b
io.flutter.embedding.engine.dart.DartMessenger$Reply -> p.c$g:
    io.flutter.embedding.engine.FlutterJNI flutterJNI -> a
    java.util.concurrent.atomic.AtomicBoolean done -> c
    int replyId -> b
    void reply(java.nio.ByteBuffer) -> a
io.flutter.embedding.engine.dart.DartMessenger$SerialTaskQueue -> p.c$h:
    java.util.concurrent.atomic.AtomicBoolean isRunning -> c
    java.util.concurrent.ConcurrentLinkedQueue queue -> b
    java.util.concurrent.ExecutorService executor -> a
    void dispatch(java.lang.Runnable) -> a
    void $r8$lambda$F0iXMzLdPiwUET1ugdCo3vpOFvI(io.flutter.embedding.engine.dart.DartMessenger$SerialTaskQueue) -> b
      # {"id":"com.android.tools.r8.synthesized"}
    void $r8$lambda$Z_QpOFGAZlPwSj4jhPkDhTfI820(io.flutter.embedding.engine.dart.DartMessenger$SerialTaskQueue) -> c
      # {"id":"com.android.tools.r8.synthesized"}
    void flush() -> d
    void lambda$dispatch$0() -> e
    void lambda$flush$1() -> f
io.flutter.embedding.engine.dart.DartMessenger$SerialTaskQueue$$ExternalSyntheticLambda0 -> p.d:
# {"id":"sourceFile","fileName":"R8$$SyntheticClass"}
# {"id":"com.android.tools.r8.synthesized"}
    io.flutter.embedding.engine.dart.DartMessenger$SerialTaskQueue io.flutter.embedding.engine.dart.DartMessenger$SerialTaskQueue$$InternalSyntheticLambda$4$87f003a9f337bebdd0ba7a08cc7e573e8bd1ce25d26d2f3d3923593655f1df5b$0.f$0 -> d
    void io.flutter.embedding.engine.dart.DartMessenger$SerialTaskQueue$$InternalSyntheticLambda$4$87f003a9f337bebdd0ba7a08cc7e573e8bd1ce25d26d2f3d3923593655f1df5b$0.<init>(io.flutter.embedding.engine.dart.DartMessenger$SerialTaskQueue) -> <init>
      # {"id":"com.android.tools.r8.synthesized"}
    void io.flutter.embedding.engine.dart.DartMessenger$SerialTaskQueue$$InternalSyntheticLambda$4$87f003a9f337bebdd0ba7a08cc7e573e8bd1ce25d26d2f3d3923593655f1df5b$0.run() -> run
      # {"id":"com.android.tools.r8.synthesized"}
io.flutter.embedding.engine.dart.DartMessenger$SerialTaskQueue$$ExternalSyntheticLambda1 -> p.e:
# {"id":"sourceFile","fileName":"R8$$SyntheticClass"}
# {"id":"com.android.tools.r8.synthesized"}
    io.flutter.embedding.engine.dart.DartMessenger$SerialTaskQueue io.flutter.embedding.engine.dart.DartMessenger$SerialTaskQueue$$InternalSyntheticLambda$5$3ee6262ba64b1eee4936869951254b05afe91be0eb2ccc94cd0abcb4f0e09adb$0.f$0 -> d
    void io.flutter.embedding.engine.dart.DartMessenger$SerialTaskQueue$$InternalSyntheticLambda$5$3ee6262ba64b1eee4936869951254b05afe91be0eb2ccc94cd0abcb4f0e09adb$0.<init>(io.flutter.embedding.engine.dart.DartMessenger$SerialTaskQueue) -> <init>
      # {"id":"com.android.tools.r8.synthesized"}
    void io.flutter.embedding.engine.dart.DartMessenger$SerialTaskQueue$$InternalSyntheticLambda$5$3ee6262ba64b1eee4936869951254b05afe91be0eb2ccc94cd0abcb4f0e09adb$0.run() -> run
      # {"id":"com.android.tools.r8.synthesized"}
io.flutter.embedding.engine.dart.DartMessenger$TaskQueueFactory -> p.c$i:
    io.flutter.embedding.engine.dart.DartMessenger$DartMessengerTaskQueue makeBackgroundTaskQueue(io.flutter.plugin.common.BinaryMessenger$TaskQueueOptions) -> a