build/app/outputs/mapping/release/usage.txt
com.example.kisah_nabi.BuildConfig
com.example.kisah_nabi.R$attr
com.example.kisah_nabi.R$color
com.example.kisah_nabi.R$dimen
com.example.kisah_nabi.R$drawable
com.example.kisah_nabi.R$id
com.example.kisah_nabi.R$integer
com.example.kisah_nabi.R$layout
com.example.kisah_nabi.R$mipmap
com.example.kisah_nabi.R$string
com.example.kisah_nabi.R$style
com.example.kisah_nabi.R$styleable
com.example.kisah_nabi.R
...
kotlin.comparisons.UComparisonsKt___UComparisonsKt
kotlin.concurrent.LocksKt
kotlin.concurrent.ThreadsKt$thread$thread$1
kotlin.concurrent.ThreadsKt
kotlin.concurrent.TimersKt$timerTask$1
kotlin.concurrent.TimersKt
kotlin.contracts.CallsInPlace
kotlin.contracts.ConditionalEffect
kotlin.contracts.ContractBuilder$DefaultImpls
kotlin.contracts.ContractBuilder
kotlin.contracts.ContractBuilderKt
kotlin.contracts.Effect
kotlin.contracts.ExperimentalContracts
kotlin.contracts.InvocationKind
kotlin.contracts.Returns
kotlin.contracts.ReturnsNotNull
kotlin.contracts.SimpleEffect
kotlin.coroutines.CombinedContext$Serialized$Companion
kotlin.coroutines.CombinedContext$Serialized
kotlin.coroutines.CombinedContext$writeReplace$1
kotlin.coroutines.CombinedContext:
    private final java.lang.Object writeReplace()
kotlin.coroutines.ContinuationInterceptor$DefaultImpls:
    public static java.lang.Object fold(kotlin.coroutines.ContinuationInterceptor,java.lang.Object,kotlin.jvm.functions.Function2)
    public static kotlin.coroutines.CoroutineContext plus(kotlin.coroutines.ContinuationInterceptor,kotlin.coroutines.CoroutineContext)
    public static void releaseInterceptedContinuation(kotlin.coroutines.ContinuationInterceptor,kotlin.coroutines.Continuation)
kotlin.coroutines.ContinuationInterceptor:
    public abstract kotlin.coroutines.CoroutineContext$Element get(kotlin.coroutines.CoroutineContext$Key)
    public abstract kotlin.coroutines.CoroutineContext minusKey(kotlin.coroutines.CoroutineContext$Key)
kotlin.coroutines.ContinuationKt$Continuation$1
kotlin.coroutines.ContinuationKt:
    private static final kotlin.coroutines.Continuation Continuation(kotlin.coroutines.CoroutineContext,kotlin.jvm.functions.Function1)
    public static final kotlin.coroutines.Continuation createCoroutine(kotlin.jvm.functions.Function1,kotlin.coroutines.Continuation)
    public static final kotlin.coroutines.Continuation createCoroutine(kotlin.jvm.functions.Function2,java.lang.Object,kotlin.coroutines.Continuation)
    private static final kotlin.coroutines.CoroutineContext getCoroutineContext()
    public static synthetic void getCoroutineContext$annotations()
    private static final void resume(kotlin.coroutines.Continuation,java.lang.Object)
    private static final void resumeWithException(kotlin.coroutines.Continuation,java.lang.Throwable)
    public static final void startCoroutine(kotlin.jvm.functions.Function1,kotlin.coroutines.Continuation)
    private static final java.lang.Object suspendCoroutine(kotlin.jvm.functions.Function1,kotlin.coroutines.Continuation)
kotlin.coroutines.CoroutineContext$Element:
    public abstract java.lang.Object fold(java.lang.Object,kotlin.jvm.functions.Function2)
    public abstract kotlin.coroutines.CoroutineContext minusKey(kotlin.coroutines.CoroutineContext$Key)
kotlin.coroutines.CoroutineContextImplKt
kotlin.coroutines.EmptyCoroutineContext:
    private static final long serialVersionUID
    private final java.lang.Object readResolve()
kotlin.coroutines.RestrictsSuspension
kotlin.coroutines.SafeContinuation$Companion
kotlin.coroutines.SafeContinuation
kotlin.coroutines.cancellation.CancellationExceptionKt
kotlin.coroutines.intrinsics.IntrinsicsKt:
    private void <init>()
kotlin.coroutines.intrinsics.IntrinsicsKt__IntrinsicsJvmKt$createCoroutineFromSuspendFunction$1
kotlin.coroutines.intrinsics.IntrinsicsKt__IntrinsicsJvmKt$createCoroutineFromSuspendFunction$2
kotlin.coroutines.intrinsics.IntrinsicsKt__IntrinsicsJvmKt$createCoroutineUnintercepted$$inlined$createCoroutineFromSuspendFunction$IntrinsicsKt__IntrinsicsJvmKt$1
kotlin.coroutines.intrinsics.IntrinsicsKt__IntrinsicsJvmKt$createCoroutineUnintercepted$$inlined$createCoroutineFromSuspendFunction$IntrinsicsKt__IntrinsicsJvmKt$2